2024.11.25 08:04:50 INFO  ce[][o.s.p.ProcessEntryPoint] Starting Compute Engine
2024.11.25 08:04:50 INFO  ce[][o.s.ce.app.CeServer] Compute Engine starting up...
2024.11.25 08:04:50 INFO  ce[][o.s.d.DefaultDatabase] Create JDBC data source for jdbc:h2:tcp://127.0.0.1:9092/sonar;NON_KEYWORDS=VALUE
2024.11.25 08:04:50 INFO  ce[][c.z.h.HikariDataSource] HikariPool-1 - Starting...
2024.11.25 08:04:50 INFO  ce[][c.z.h.p.HikariPool] HikariPool-1 - Added connection conn0: url=jdbc:h2:tcp://127.0.0.1:9092/sonar user=
2024.11.25 08:04:50 INFO  ce[][c.z.h.HikariDataSource] HikariPool-1 - Start completed.
2024.11.25 08:04:50 WARN  ce[][o.s.db.dialect.H2] H2 database should be used for evaluation purpose only.
2024.11.25 08:04:51 INFO  ce[][o.s.s.p.ServerFileSystemImpl] SonarQube home: D:\sonarqube-10.7.0.96327
2024.11.25 08:04:51 INFO  ce[][o.s.c.c.CePluginRepository] Load plugins
2024.11.25 08:04:54 INFO  ce[][o.s.c.c.ComputeEngineContainerImpl] Running Community edition
2024.11.25 08:04:54 INFO  ce[][o.s.ce.app.CeServer] Compute Engine is started
2024.11.25 08:18:38 INFO  ce[][o.s.p.ProcessEntryPoint] Gracefully stopping process
2024.11.25 08:18:38 INFO  ce[][o.s.ce.app.CeServer] Compute Engine is stopping...
2024.11.25 08:18:38 INFO  ce[][o.s.c.t.CeProcessingSchedulerImpl] Gracefully stopping workers...
2024.11.25 08:18:38 INFO  ce[][c.z.h.HikariDataSource] HikariPool-1 - Shutdown initiated...
2024.11.25 08:18:38 INFO  ce[][c.z.h.HikariDataSource] HikariPool-1 - Shutdown completed.
2024.11.25 08:18:38 INFO  ce[][o.s.ce.app.CeServer] Compute Engine is stopped
2024.11.25 08:20:03 INFO  ce[][o.s.p.ProcessEntryPoint] Starting Compute Engine
2024.11.25 08:20:03 INFO  ce[][o.s.ce.app.CeServer] Compute Engine starting up...
2024.11.25 08:20:03 INFO  ce[][o.s.d.DefaultDatabase] Create JDBC data source for jdbc:h2:tcp://127.0.0.1:9092/sonar;NON_KEYWORDS=VALUE
2024.11.25 08:20:03 INFO  ce[][c.z.h.HikariDataSource] HikariPool-1 - Starting...
2024.11.25 08:20:03 INFO  ce[][c.z.h.p.HikariPool] HikariPool-1 - Added connection conn0: url=jdbc:h2:tcp://127.0.0.1:9092/sonar user=
2024.11.25 08:20:03 INFO  ce[][c.z.h.HikariDataSource] HikariPool-1 - Start completed.
2024.11.25 08:20:03 WARN  ce[][o.s.db.dialect.H2] H2 database should be used for evaluation purpose only.
2024.11.25 08:20:04 INFO  ce[][o.s.s.p.ServerFileSystemImpl] SonarQube home: D:\sonarqube-10.7.0.96327
2024.11.25 08:20:05 INFO  ce[][o.s.c.c.CePluginRepository] Load plugins
2024.11.25 08:20:06 INFO  ce[][o.s.c.c.ComputeEngineContainerImpl] Running Community edition
2024.11.25 08:20:06 INFO  ce[][o.s.ce.app.CeServer] Compute Engine is started
2024.11.25 08:29:15 INFO  ce[][o.s.c.t.CeWorkerImpl] Execute task | project=tres_enraya | type=REPORT | id=3de03cc4-c6dc-4d0b-8489-8b6ba96a5c98 | submitter=admin
2024.11.25 08:29:16 INFO  ce[3de03cc4-c6dc-4d0b-8489-8b6ba96a5c98][o.s.c.t.s.ComputationStepExecutor] Extract report | status=SUCCESS | time=56ms
2024.11.25 08:29:16 INFO  ce[3de03cc4-c6dc-4d0b-8489-8b6ba96a5c98][o.s.c.t.s.ComputationStepExecutor] Persist scanner context | status=SUCCESS | time=31ms
2024.11.25 08:29:16 INFO  ce[3de03cc4-c6dc-4d0b-8489-8b6ba96a5c98][o.s.c.t.s.ComputationStepExecutor] Propagate analysis warnings from scanner report | status=SUCCESS | time=41ms
2024.11.25 08:29:16 INFO  ce[3de03cc4-c6dc-4d0b-8489-8b6ba96a5c98][o.s.c.t.s.ComputationStepExecutor] Generate analysis UUID | status=SUCCESS | time=0ms
2024.11.25 08:29:16 INFO  ce[3de03cc4-c6dc-4d0b-8489-8b6ba96a5c98][o.s.c.t.s.ComputationStepExecutor] Load analysis metadata | status=SUCCESS | time=169ms
2024.11.25 08:29:16 INFO  ce[3de03cc4-c6dc-4d0b-8489-8b6ba96a5c98][o.s.c.t.s.ComputationStepExecutor] Initialize | status=SUCCESS | time=0ms
2024.11.25 08:29:16 INFO  ce[3de03cc4-c6dc-4d0b-8489-8b6ba96a5c98][o.s.c.t.s.ComputationStepExecutor] Build tree of components | components=22 | status=SUCCESS | time=223ms
2024.11.25 08:29:16 INFO  ce[3de03cc4-c6dc-4d0b-8489-8b6ba96a5c98][o.s.c.t.s.ComputationStepExecutor] Validate project | status=SUCCESS | time=6ms
2024.11.25 08:29:16 INFO  ce[3de03cc4-c6dc-4d0b-8489-8b6ba96a5c98][o.s.s.e.EsClientProvider] Connected to local Elasticsearch: [http://kubernetes.docker.internal:9001]
2024.11.25 08:29:32 INFO  ce[3de03cc4-c6dc-4d0b-8489-8b6ba96a5c98][o.s.c.t.s.ComputationStepExecutor] Load quality profiles | status=SUCCESS | time=14809ms
2024.11.25 08:29:32 INFO  ce[3de03cc4-c6dc-4d0b-8489-8b6ba96a5c98][o.s.c.t.s.ComputationStepExecutor] Checks executed before computation of measures | status=SUCCESS | time=0ms
2024.11.25 08:29:32 INFO  ce[3de03cc4-c6dc-4d0b-8489-8b6ba96a5c98][o.s.c.t.s.ComputationStepExecutor] Generate SQ Upgrade analysis events | status=SUCCESS | time=55ms
2024.11.25 08:29:32 INFO  ce[3de03cc4-c6dc-4d0b-8489-8b6ba96a5c98][o.s.c.t.s.ComputationStepExecutor] Load file hashes and statuses | status=SUCCESS | time=8ms
2024.11.25 08:29:32 INFO  ce[3de03cc4-c6dc-4d0b-8489-8b6ba96a5c98][o.s.c.t.s.ComputationStepExecutor] Load Quality gate | status=SUCCESS | time=15ms
2024.11.25 08:29:32 INFO  ce[3de03cc4-c6dc-4d0b-8489-8b6ba96a5c98][o.s.c.t.s.ComputationStepExecutor] Load new code period | status=SUCCESS | time=16ms
2024.11.25 08:29:32 INFO  ce[3de03cc4-c6dc-4d0b-8489-8b6ba96a5c98][o.s.c.t.s.ComputationStepExecutor] Load prioritized rules | status=SUCCESS | time=30ms
2024.11.25 08:29:32 INFO  ce[3de03cc4-c6dc-4d0b-8489-8b6ba96a5c98][o.s.c.t.s.ComputationStepExecutor] Detect file moves | status=SUCCESS | time=0ms
2024.11.25 08:29:32 INFO  ce[3de03cc4-c6dc-4d0b-8489-8b6ba96a5c98][o.s.c.t.s.ComputationStepExecutor] Detect file moves in Pull Request scope | status=SUCCESS | time=0ms
2024.11.25 08:29:32 INFO  ce[3de03cc4-c6dc-4d0b-8489-8b6ba96a5c98][o.s.c.t.s.ComputationStepExecutor] Load duplications | duplications=0 | status=SUCCESS | time=4ms
2024.11.25 08:29:32 INFO  ce[3de03cc4-c6dc-4d0b-8489-8b6ba96a5c98][o.s.c.t.s.ComputationStepExecutor] Compute cross project duplications | status=SUCCESS | time=0ms
2024.11.25 08:29:32 INFO  ce[3de03cc4-c6dc-4d0b-8489-8b6ba96a5c98][o.s.c.t.s.ComputationStepExecutor] Compute size measures | status=SUCCESS | time=226ms
2024.11.25 08:29:32 INFO  ce[3de03cc4-c6dc-4d0b-8489-8b6ba96a5c98][o.s.c.t.s.ComputationStepExecutor] Compute new coverage | status=SUCCESS | time=9ms
2024.11.25 08:29:32 INFO  ce[3de03cc4-c6dc-4d0b-8489-8b6ba96a5c98][o.s.c.t.s.ComputationStepExecutor] Compute coverage measures | status=SUCCESS | time=87ms
2024.11.25 08:29:32 INFO  ce[3de03cc4-c6dc-4d0b-8489-8b6ba96a5c98][o.s.c.t.s.ComputationStepExecutor] Compute comment measures | status=SUCCESS | time=1ms
2024.11.25 08:29:32 INFO  ce[3de03cc4-c6dc-4d0b-8489-8b6ba96a5c98][o.s.c.t.s.ComputationStepExecutor] Compute duplication measures | status=SUCCESS | time=6ms
2024.11.25 08:29:32 INFO  ce[3de03cc4-c6dc-4d0b-8489-8b6ba96a5c98][o.s.c.t.s.ComputationStepExecutor] Compute size measures on new code | status=SUCCESS | time=2ms
2024.11.25 08:29:32 INFO  ce[3de03cc4-c6dc-4d0b-8489-8b6ba96a5c98][o.s.c.t.s.ComputationStepExecutor] Compute language distribution | status=SUCCESS | time=22ms
2024.11.25 08:29:32 INFO  ce[3de03cc4-c6dc-4d0b-8489-8b6ba96a5c98][o.s.c.t.s.ComputationStepExecutor] Compute test measures | status=SUCCESS | time=5ms
2024.11.25 08:29:32 INFO  ce[3de03cc4-c6dc-4d0b-8489-8b6ba96a5c98][o.s.c.t.s.ComputationStepExecutor] Compute complexity measures | status=SUCCESS | time=5ms
2024.11.25 08:29:32 INFO  ce[3de03cc4-c6dc-4d0b-8489-8b6ba96a5c98][o.s.c.t.s.ComputationStepExecutor] Load measure computers | status=SUCCESS | time=5ms
2024.11.25 08:29:32 INFO  ce[3de03cc4-c6dc-4d0b-8489-8b6ba96a5c98][o.s.c.t.s.ComputationStepExecutor] Compute Quality Profile status | status=SUCCESS | time=6ms
2024.11.25 08:29:33 INFO  ce[3de03cc4-c6dc-4d0b-8489-8b6ba96a5c98][o.s.c.t.s.ComputationStepExecutor] Execute component visitors | status=SUCCESS | time=561ms
2024.11.25 08:29:33 INFO  ce[3de03cc4-c6dc-4d0b-8489-8b6ba96a5c98][o.s.c.t.s.ComputationStepExecutor] Checks executed after computation of measures | status=SUCCESS | time=8ms
2024.11.25 08:29:33 INFO  ce[3de03cc4-c6dc-4d0b-8489-8b6ba96a5c98][o.s.c.t.s.ComputationStepExecutor] Compute pull request fixed issues measure | status=SUCCESS | time=0ms
2024.11.25 08:29:33 INFO  ce[3de03cc4-c6dc-4d0b-8489-8b6ba96a5c98][o.s.c.t.s.ComputationStepExecutor] Compute Quality Gate measures | status=SUCCESS | time=0ms
2024.11.25 08:29:33 INFO  ce[3de03cc4-c6dc-4d0b-8489-8b6ba96a5c98][o.s.c.t.s.ComputationStepExecutor] Compute Quality profile measures | status=SUCCESS | time=21ms
2024.11.25 08:29:33 INFO  ce[3de03cc4-c6dc-4d0b-8489-8b6ba96a5c98][o.s.c.t.s.ComputationStepExecutor] Generate Quality profile events | status=SUCCESS | time=3ms
2024.11.25 08:29:33 INFO  ce[3de03cc4-c6dc-4d0b-8489-8b6ba96a5c98][o.s.c.t.s.ComputationStepExecutor] Generate Quality gate events | status=SUCCESS | time=0ms
2024.11.25 08:29:33 INFO  ce[3de03cc4-c6dc-4d0b-8489-8b6ba96a5c98][o.s.c.t.s.ComputationStepExecutor] Generate Issue Detection events | status=SUCCESS | time=0ms
2024.11.25 08:29:33 INFO  ce[3de03cc4-c6dc-4d0b-8489-8b6ba96a5c98][o.s.c.t.s.ComputationStepExecutor] Check upgrade possibility for not analyzed code files. | status=SUCCESS | time=0ms
2024.11.25 08:29:33 INFO  ce[3de03cc4-c6dc-4d0b-8489-8b6ba96a5c98][o.s.c.t.s.ComputationStepExecutor] Persist scanner analysis cache | status=SUCCESS | time=15ms
2024.11.25 08:29:33 INFO  ce[3de03cc4-c6dc-4d0b-8489-8b6ba96a5c98][o.s.c.t.s.ComputationStepExecutor] Persist components | status=SUCCESS | time=48ms
2024.11.25 08:29:33 INFO  ce[3de03cc4-c6dc-4d0b-8489-8b6ba96a5c98][o.s.c.t.s.ComputationStepExecutor] Persist analysis | status=SUCCESS | time=0ms
2024.11.25 08:29:33 INFO  ce[3de03cc4-c6dc-4d0b-8489-8b6ba96a5c98][o.s.c.t.s.ComputationStepExecutor] Persist analysis properties | status=SUCCESS | time=13ms
2024.11.25 08:29:33 INFO  ce[3de03cc4-c6dc-4d0b-8489-8b6ba96a5c98][o.s.c.t.s.ComputationStepExecutor] Persist project measures | inserts=72 | status=SUCCESS | time=34ms
2024.11.25 08:29:33 INFO  ce[3de03cc4-c6dc-4d0b-8489-8b6ba96a5c98][o.s.c.t.s.ComputationStepExecutor] Persist live measures | insertsOrUpdates=954 | status=SUCCESS | time=292ms
2024.11.25 08:29:33 INFO  ce[3de03cc4-c6dc-4d0b-8489-8b6ba96a5c98][o.s.c.t.s.ComputationStepExecutor] Persist duplication data | insertsOrUpdates=0 | status=SUCCESS | time=0ms
2024.11.25 08:29:33 INFO  ce[3de03cc4-c6dc-4d0b-8489-8b6ba96a5c98][o.s.c.t.s.ComputationStepExecutor] Persist new ad hoc Rules | status=SUCCESS | time=0ms
2024.11.25 08:29:33 INFO  ce[3de03cc4-c6dc-4d0b-8489-8b6ba96a5c98][o.s.c.t.s.ComputationStepExecutor] Persist CVEs | status=SUCCESS | time=0ms
2024.11.25 08:29:33 INFO  ce[3de03cc4-c6dc-4d0b-8489-8b6ba96a5c98][o.s.c.t.s.ComputationStepExecutor] Persist issues | cacheSize=8.3 kB | inserts=13 | updates=0 | merged=0 | status=SUCCESS | time=57ms
2024.11.25 08:29:33 INFO  ce[3de03cc4-c6dc-4d0b-8489-8b6ba96a5c98][o.s.c.t.s.ComputationStepExecutor] Delete issue changes | changes=0 | status=SUCCESS | time=0ms
2024.11.25 08:29:33 INFO  ce[3de03cc4-c6dc-4d0b-8489-8b6ba96a5c98][o.s.c.t.s.ComputationStepExecutor] Persist project links | status=SUCCESS | time=23ms
2024.11.25 08:29:33 INFO  ce[3de03cc4-c6dc-4d0b-8489-8b6ba96a5c98][o.s.c.t.s.ComputationStepExecutor] Persist events | status=SUCCESS | time=0ms
2024.11.25 08:29:34 INFO  ce[3de03cc4-c6dc-4d0b-8489-8b6ba96a5c98][o.s.c.t.s.ComputationStepExecutor] Persist sources | status=SUCCESS | time=681ms
2024.11.25 08:29:34 INFO  ce[3de03cc4-c6dc-4d0b-8489-8b6ba96a5c98][o.s.c.t.s.ComputationStepExecutor] Persist cross project duplications | status=SUCCESS | time=0ms
2024.11.25 08:29:34 INFO  ce[3de03cc4-c6dc-4d0b-8489-8b6ba96a5c98][o.s.c.t.s.ComputationStepExecutor] Enable analysis | status=SUCCESS | time=7ms
2024.11.25 08:29:34 INFO  ce[3de03cc4-c6dc-4d0b-8489-8b6ba96a5c98][o.s.c.t.s.ComputationStepExecutor] Persist Fixed issues in Pull Request | status=SUCCESS | time=0ms
2024.11.25 08:29:34 INFO  ce[3de03cc4-c6dc-4d0b-8489-8b6ba96a5c98][o.s.c.t.s.ComputationStepExecutor] Update last usage date of quality profiles | status=SUCCESS | time=18ms
2024.11.25 08:29:34 INFO  ce[3de03cc4-c6dc-4d0b-8489-8b6ba96a5c98][o.s.c.t.s.ComputationStepExecutor] Purge db | status=SUCCESS | time=42ms
2024.11.25 08:29:34 INFO  ce[3de03cc4-c6dc-4d0b-8489-8b6ba96a5c98][o.s.c.t.s.ComputationStepExecutor] Load changed issues for indexing | status=SUCCESS | time=6ms
2024.11.25 08:29:36 INFO  ce[3de03cc4-c6dc-4d0b-8489-8b6ba96a5c98][o.s.c.t.s.ComputationStepExecutor] Index analysis | status=SUCCESS | time=1503ms
2024.11.25 08:29:36 INFO  ce[3de03cc4-c6dc-4d0b-8489-8b6ba96a5c98][o.s.c.t.s.ComputationStepExecutor] Update need issue sync for branch | status=SUCCESS | time=0ms
2024.11.25 08:29:36 INFO  ce[3de03cc4-c6dc-4d0b-8489-8b6ba96a5c98][o.s.c.t.s.ComputationStepExecutor] Compute total Project ncloc | status=SUCCESS | time=0ms
2024.11.25 08:29:36 INFO  ce[3de03cc4-c6dc-4d0b-8489-8b6ba96a5c98][o.s.c.t.s.ComputationStepExecutor] Publishing taint vulnerabilities and security hotspots events | status=SUCCESS | time=16ms
2024.11.25 08:29:36 INFO  ce[3de03cc4-c6dc-4d0b-8489-8b6ba96a5c98][o.s.c.t.s.ComputationStepExecutor] Send issue notifications | newIssuesNotifs=0 | newIssuesDeliveries=0 | myNewIssuesNotifs=0 | myNewIssuesDeliveries=0 | changesNotifs=0 | changesDeliveries=0 | status=SUCCESS | time=0ms
2024.11.25 08:29:36 INFO  ce[3de03cc4-c6dc-4d0b-8489-8b6ba96a5c98][o.s.c.t.s.ComputationStepExecutor] Actions to execute when the computation is about to be finished | status=SUCCESS | time=0ms
2024.11.25 08:29:36 INFO  ce[3de03cc4-c6dc-4d0b-8489-8b6ba96a5c98][o.s.c.t.s.ComputationStepExecutor] Publish task results | status=SUCCESS | time=0ms
2024.11.25 08:29:36 INFO  ce[3de03cc4-c6dc-4d0b-8489-8b6ba96a5c98][o.s.c.t.s.ComputationStepExecutor] Trigger refresh of Portfolios and Applications | status=SUCCESS | time=0ms
2024.11.25 08:29:36 INFO  ce[3de03cc4-c6dc-4d0b-8489-8b6ba96a5c98][o.s.c.t.p.a.p.PostProjectAnalysisTasksExecutor] Webhooks | globalWebhooks=0 | projectWebhooks=0 | status=SUCCESS | time=16ms
2024.11.25 08:29:36 INFO  ce[3de03cc4-c6dc-4d0b-8489-8b6ba96a5c98][o.s.c.t.CeWorkerImpl] Executed task | project=tres_enraya | type=REPORT | id=3de03cc4-c6dc-4d0b-8489-8b6ba96a5c98 | submitter=admin | status=SUCCESS | time=21051ms
2024.11.25 08:48:21 INFO  ce[][o.s.c.t.CeWorkerImpl] Execute task | project=tres_enraya | type=REPORT | id=514c2480-473a-45e5-9943-991f24b4ef7e | submitter=admin
2024.11.25 08:48:21 INFO  ce[514c2480-473a-45e5-9943-991f24b4ef7e][o.s.c.t.s.ComputationStepExecutor] Extract report | status=SUCCESS | time=95ms
2024.11.25 08:48:22 INFO  ce[514c2480-473a-45e5-9943-991f24b4ef7e][o.s.c.t.s.ComputationStepExecutor] Persist scanner context | status=SUCCESS | time=76ms
2024.11.25 08:48:22 INFO  ce[514c2480-473a-45e5-9943-991f24b4ef7e][o.s.c.t.s.ComputationStepExecutor] Propagate analysis warnings from scanner report | status=SUCCESS | time=55ms
2024.11.25 08:48:22 INFO  ce[514c2480-473a-45e5-9943-991f24b4ef7e][o.s.c.t.s.ComputationStepExecutor] Generate analysis UUID | status=SUCCESS | time=0ms
2024.11.25 08:48:22 INFO  ce[514c2480-473a-45e5-9943-991f24b4ef7e][o.s.c.t.s.ComputationStepExecutor] Load analysis metadata | status=SUCCESS | time=39ms
2024.11.25 08:48:22 INFO  ce[514c2480-473a-45e5-9943-991f24b4ef7e][o.s.c.t.s.ComputationStepExecutor] Initialize | status=SUCCESS | time=0ms
2024.11.25 08:48:22 INFO  ce[514c2480-473a-45e5-9943-991f24b4ef7e][o.s.c.t.s.ComputationStepExecutor] Build tree of components | components=22 | status=SUCCESS | time=279ms
2024.11.25 08:48:22 INFO  ce[514c2480-473a-45e5-9943-991f24b4ef7e][o.s.c.t.s.ComputationStepExecutor] Validate project | status=SUCCESS | time=0ms
2024.11.25 08:48:34 INFO  ce[514c2480-473a-45e5-9943-991f24b4ef7e][o.s.c.t.s.ComputationStepExecutor] Load quality profiles | status=SUCCESS | time=12193ms
2024.11.25 08:48:34 INFO  ce[514c2480-473a-45e5-9943-991f24b4ef7e][o.s.c.t.s.ComputationStepExecutor] Checks executed before computation of measures | status=SUCCESS | time=0ms
2024.11.25 08:48:34 INFO  ce[514c2480-473a-45e5-9943-991f24b4ef7e][o.s.c.t.s.ComputationStepExecutor] Generate SQ Upgrade analysis events | status=SUCCESS | time=0ms
2024.11.25 08:48:34 INFO  ce[514c2480-473a-45e5-9943-991f24b4ef7e][o.s.c.t.s.ComputationStepExecutor] Load file hashes and statuses | status=SUCCESS | time=124ms
2024.11.25 08:48:34 INFO  ce[514c2480-473a-45e5-9943-991f24b4ef7e][o.s.c.t.s.ComputationStepExecutor] Load Quality gate | status=SUCCESS | time=5ms
2024.11.25 08:48:34 INFO  ce[514c2480-473a-45e5-9943-991f24b4ef7e][o.s.c.t.s.ComputationStepExecutor] Load new code period | status=SUCCESS | time=7ms
2024.11.25 08:48:34 INFO  ce[514c2480-473a-45e5-9943-991f24b4ef7e][o.s.c.t.s.ComputationStepExecutor] Load prioritized rules | status=SUCCESS | time=24ms
2024.11.25 08:48:34 INFO  ce[514c2480-473a-45e5-9943-991f24b4ef7e][o.s.c.t.s.ComputationStepExecutor] Detect file moves | reportFiles=13 | dbFiles=13 | addedFiles=0 | status=SUCCESS | time=10ms
2024.11.25 08:48:34 INFO  ce[514c2480-473a-45e5-9943-991f24b4ef7e][o.s.c.t.s.ComputationStepExecutor] Detect file moves in Pull Request scope | status=SUCCESS | time=0ms
2024.11.25 08:48:34 INFO  ce[514c2480-473a-45e5-9943-991f24b4ef7e][o.s.c.t.s.ComputationStepExecutor] Load duplications | duplications=0 | status=SUCCESS | time=0ms
2024.11.25 08:48:34 INFO  ce[514c2480-473a-45e5-9943-991f24b4ef7e][o.s.c.t.s.ComputationStepExecutor] Compute cross project duplications | status=SUCCESS | time=0ms
2024.11.25 08:48:34 INFO  ce[514c2480-473a-45e5-9943-991f24b4ef7e][o.s.c.t.s.ComputationStepExecutor] Compute size measures | status=SUCCESS | time=71ms
2024.11.25 08:48:35 INFO  ce[514c2480-473a-45e5-9943-991f24b4ef7e][o.s.c.t.s.ComputationStepExecutor] Compute new coverage | status=SUCCESS | time=108ms
2024.11.25 08:48:35 INFO  ce[514c2480-473a-45e5-9943-991f24b4ef7e][o.s.c.t.s.ComputationStepExecutor] Compute coverage measures | status=SUCCESS | time=2ms
2024.11.25 08:48:35 INFO  ce[514c2480-473a-45e5-9943-991f24b4ef7e][o.s.c.t.s.ComputationStepExecutor] Compute comment measures | status=SUCCESS | time=0ms
2024.11.25 08:48:35 INFO  ce[514c2480-473a-45e5-9943-991f24b4ef7e][o.s.c.t.s.ComputationStepExecutor] Compute duplication measures | status=SUCCESS | time=0ms
2024.11.25 08:48:35 INFO  ce[514c2480-473a-45e5-9943-991f24b4ef7e][o.s.c.t.s.ComputationStepExecutor] Compute size measures on new code | status=SUCCESS | time=0ms
2024.11.25 08:48:35 INFO  ce[514c2480-473a-45e5-9943-991f24b4ef7e][o.s.c.t.s.ComputationStepExecutor] Compute language distribution | status=SUCCESS | time=14ms
2024.11.25 08:48:35 INFO  ce[514c2480-473a-45e5-9943-991f24b4ef7e][o.s.c.t.s.ComputationStepExecutor] Compute test measures | status=SUCCESS | time=0ms
2024.11.25 08:48:35 INFO  ce[514c2480-473a-45e5-9943-991f24b4ef7e][o.s.c.t.s.ComputationStepExecutor] Compute complexity measures | status=SUCCESS | time=0ms
2024.11.25 08:48:35 INFO  ce[514c2480-473a-45e5-9943-991f24b4ef7e][o.s.c.t.s.ComputationStepExecutor] Load measure computers | status=SUCCESS | time=0ms
2024.11.25 08:48:35 INFO  ce[514c2480-473a-45e5-9943-991f24b4ef7e][o.s.c.t.s.ComputationStepExecutor] Compute Quality Profile status | status=SUCCESS | time=0ms
2024.11.25 08:48:35 INFO  ce[514c2480-473a-45e5-9943-991f24b4ef7e][o.s.c.t.s.ComputationStepExecutor] Execute component visitors | status=SUCCESS | time=142ms
2024.11.25 08:48:35 INFO  ce[514c2480-473a-45e5-9943-991f24b4ef7e][o.s.c.t.s.ComputationStepExecutor] Checks executed after computation of measures | status=SUCCESS | time=0ms
2024.11.25 08:48:35 INFO  ce[514c2480-473a-45e5-9943-991f24b4ef7e][o.s.c.t.s.ComputationStepExecutor] Compute pull request fixed issues measure | status=SUCCESS | time=0ms
2024.11.25 08:48:35 INFO  ce[514c2480-473a-45e5-9943-991f24b4ef7e][o.s.c.t.s.ComputationStepExecutor] Compute Quality Gate measures | status=SUCCESS | time=0ms
2024.11.25 08:48:35 INFO  ce[514c2480-473a-45e5-9943-991f24b4ef7e][o.s.c.t.s.ComputationStepExecutor] Compute Quality profile measures | status=SUCCESS | time=0ms
2024.11.25 08:48:35 INFO  ce[514c2480-473a-45e5-9943-991f24b4ef7e][o.s.c.t.s.ComputationStepExecutor] Generate Quality profile events | status=SUCCESS | time=0ms
2024.11.25 08:48:35 INFO  ce[514c2480-473a-45e5-9943-991f24b4ef7e][o.s.c.t.s.ComputationStepExecutor] Generate Quality gate events | status=SUCCESS | time=5ms
2024.11.25 08:48:35 INFO  ce[514c2480-473a-45e5-9943-991f24b4ef7e][o.s.c.t.s.ComputationStepExecutor] Generate Issue Detection events | status=SUCCESS | time=0ms
2024.11.25 08:48:35 INFO  ce[514c2480-473a-45e5-9943-991f24b4ef7e][o.s.c.t.s.ComputationStepExecutor] Check upgrade possibility for not analyzed code files. | status=SUCCESS | time=0ms
2024.11.25 08:48:35 INFO  ce[514c2480-473a-45e5-9943-991f24b4ef7e][o.s.c.t.s.ComputationStepExecutor] Persist scanner analysis cache | status=SUCCESS | time=11ms
2024.11.25 08:48:35 INFO  ce[514c2480-473a-45e5-9943-991f24b4ef7e][o.s.c.t.s.ComputationStepExecutor] Persist components | status=SUCCESS | time=17ms
2024.11.25 08:48:35 INFO  ce[514c2480-473a-45e5-9943-991f24b4ef7e][o.s.c.t.s.ComputationStepExecutor] Persist analysis | status=SUCCESS | time=6ms
2024.11.25 08:48:35 INFO  ce[514c2480-473a-45e5-9943-991f24b4ef7e][o.s.c.t.s.ComputationStepExecutor] Persist analysis properties | status=SUCCESS | time=3ms
2024.11.25 08:48:35 INFO  ce[514c2480-473a-45e5-9943-991f24b4ef7e][o.s.c.t.s.ComputationStepExecutor] Persist project measures | inserts=75 | status=SUCCESS | time=11ms
2024.11.25 08:48:35 INFO  ce[514c2480-473a-45e5-9943-991f24b4ef7e][o.s.c.t.s.ComputationStepExecutor] Persist live measures | insertsOrUpdates=1403 | status=SUCCESS | time=318ms
2024.11.25 08:48:35 INFO  ce[514c2480-473a-45e5-9943-991f24b4ef7e][o.s.c.t.s.ComputationStepExecutor] Persist duplication data | insertsOrUpdates=0 | status=SUCCESS | time=0ms
2024.11.25 08:48:35 INFO  ce[514c2480-473a-45e5-9943-991f24b4ef7e][o.s.c.t.s.ComputationStepExecutor] Persist new ad hoc Rules | status=SUCCESS | time=0ms
2024.11.25 08:48:35 INFO  ce[514c2480-473a-45e5-9943-991f24b4ef7e][o.s.c.t.s.ComputationStepExecutor] Persist CVEs | status=SUCCESS | time=0ms
2024.11.25 08:48:35 INFO  ce[514c2480-473a-45e5-9943-991f24b4ef7e][o.s.c.t.s.ComputationStepExecutor] Persist issues | cacheSize=0 bytes | inserts=0 | updates=0 | merged=0 | status=SUCCESS | time=0ms
2024.11.25 08:48:35 INFO  ce[514c2480-473a-45e5-9943-991f24b4ef7e][o.s.c.t.s.ComputationStepExecutor] Delete issue changes | changes=0 | status=SUCCESS | time=0ms
2024.11.25 08:48:35 INFO  ce[514c2480-473a-45e5-9943-991f24b4ef7e][o.s.c.t.s.ComputationStepExecutor] Persist project links | status=SUCCESS | time=0ms
2024.11.25 08:48:35 INFO  ce[514c2480-473a-45e5-9943-991f24b4ef7e][o.s.c.t.s.ComputationStepExecutor] Persist events | status=SUCCESS | time=0ms
2024.11.25 08:48:35 INFO  ce[514c2480-473a-45e5-9943-991f24b4ef7e][o.s.c.t.s.ComputationStepExecutor] Persist sources | status=SUCCESS | time=159ms
2024.11.25 08:48:35 INFO  ce[514c2480-473a-45e5-9943-991f24b4ef7e][o.s.c.t.s.ComputationStepExecutor] Persist cross project duplications | status=SUCCESS | time=0ms
2024.11.25 08:48:35 INFO  ce[514c2480-473a-45e5-9943-991f24b4ef7e][o.s.c.t.s.ComputationStepExecutor] Enable analysis | status=SUCCESS | time=2ms
2024.11.25 08:48:35 INFO  ce[514c2480-473a-45e5-9943-991f24b4ef7e][o.s.c.t.s.ComputationStepExecutor] Persist Fixed issues in Pull Request | status=SUCCESS | time=0ms
2024.11.25 08:48:35 INFO  ce[514c2480-473a-45e5-9943-991f24b4ef7e][o.s.c.t.s.ComputationStepExecutor] Update last usage date of quality profiles | status=SUCCESS | time=6ms
2024.11.25 08:48:35 INFO  ce[514c2480-473a-45e5-9943-991f24b4ef7e][o.s.c.t.s.ComputationStepExecutor] Purge db | status=SUCCESS | time=24ms
2024.11.25 08:48:35 INFO  ce[514c2480-473a-45e5-9943-991f24b4ef7e][o.s.c.t.s.ComputationStepExecutor] Load changed issues for indexing | status=SUCCESS | time=0ms
2024.11.25 08:48:36 INFO  ce[514c2480-473a-45e5-9943-991f24b4ef7e][o.s.c.t.s.ComputationStepExecutor] Index analysis | status=SUCCESS | time=853ms
2024.11.25 08:48:36 INFO  ce[514c2480-473a-45e5-9943-991f24b4ef7e][o.s.c.t.s.ComputationStepExecutor] Update need issue sync for branch | status=SUCCESS | time=0ms
2024.11.25 08:48:36 INFO  ce[514c2480-473a-45e5-9943-991f24b4ef7e][o.s.c.t.s.ComputationStepExecutor] Compute total Project ncloc | status=SUCCESS | time=3ms
2024.11.25 08:48:36 INFO  ce[514c2480-473a-45e5-9943-991f24b4ef7e][o.s.c.t.s.ComputationStepExecutor] Publishing taint vulnerabilities and security hotspots events | status=SUCCESS | time=2ms
2024.11.25 08:48:36 INFO  ce[514c2480-473a-45e5-9943-991f24b4ef7e][o.s.c.t.s.ComputationStepExecutor] Send issue notifications | newIssuesNotifs=0 | newIssuesDeliveries=0 | myNewIssuesNotifs=0 | myNewIssuesDeliveries=0 | changesNotifs=0 | changesDeliveries=0 | status=SUCCESS | time=5ms
2024.11.25 08:48:36 INFO  ce[514c2480-473a-45e5-9943-991f24b4ef7e][o.s.c.t.s.ComputationStepExecutor] Actions to execute when the computation is about to be finished | status=SUCCESS | time=0ms
2024.11.25 08:48:36 INFO  ce[514c2480-473a-45e5-9943-991f24b4ef7e][o.s.c.t.s.ComputationStepExecutor] Publish task results | status=SUCCESS | time=0ms
2024.11.25 08:48:36 INFO  ce[514c2480-473a-45e5-9943-991f24b4ef7e][o.s.c.t.s.ComputationStepExecutor] Trigger refresh of Portfolios and Applications | status=SUCCESS | time=0ms
2024.11.25 08:48:36 INFO  ce[514c2480-473a-45e5-9943-991f24b4ef7e][o.s.c.t.p.a.p.PostProjectAnalysisTasksExecutor] Webhooks | globalWebhooks=0 | projectWebhooks=0 | status=SUCCESS | time=7ms
2024.11.25 08:48:36 INFO  ce[514c2480-473a-45e5-9943-991f24b4ef7e][o.s.c.t.CeWorkerImpl] Executed task | project=tres_enraya | type=REPORT | id=514c2480-473a-45e5-9943-991f24b4ef7e | submitter=admin | status=SUCCESS | time=15200ms
2024.11.25 08:55:20 INFO  ce[][o.s.p.ProcessEntryPoint] Gracefully stopping process
2024.11.25 08:55:20 INFO  ce[][o.s.ce.app.CeServer] Compute Engine is stopping...
2024.11.25 08:55:20 INFO  ce[][o.s.c.t.CeProcessingSchedulerImpl] Gracefully stopping workers...
2024.11.25 08:55:20 INFO  ce[][c.z.h.HikariDataSource] HikariPool-1 - Shutdown initiated...
2024.11.25 08:55:20 INFO  ce[][c.z.h.HikariDataSource] HikariPool-1 - Shutdown completed.
2024.11.25 08:55:20 INFO  ce[][o.s.ce.app.CeServer] Compute Engine is stopped
2024.11.25 08:56:53 INFO  ce[][o.s.p.ProcessEntryPoint] Starting Compute Engine
2024.11.25 08:56:53 INFO  ce[][o.s.ce.app.CeServer] Compute Engine starting up...
2024.11.25 08:56:53 INFO  ce[][o.s.d.DefaultDatabase] Create JDBC data source for jdbc:h2:tcp://127.0.0.1:9092/sonar;NON_KEYWORDS=VALUE
2024.11.25 08:56:53 INFO  ce[][c.z.h.HikariDataSource] HikariPool-1 - Starting...
2024.11.25 08:56:53 INFO  ce[][c.z.h.p.HikariPool] HikariPool-1 - Added connection conn0: url=jdbc:h2:tcp://127.0.0.1:9092/sonar user=
2024.11.25 08:56:53 INFO  ce[][c.z.h.HikariDataSource] HikariPool-1 - Start completed.
2024.11.25 08:56:53 WARN  ce[][o.s.db.dialect.H2] H2 database should be used for evaluation purpose only.
2024.11.25 08:56:54 INFO  ce[][o.s.s.p.ServerFileSystemImpl] SonarQube home: D:\sonarqube-10.7.0.96327
2024.11.25 08:56:55 INFO  ce[][o.s.c.c.CePluginRepository] Load plugins
2024.11.25 08:56:56 INFO  ce[][o.s.c.c.ComputeEngineContainerImpl] Running Community edition
2024.11.25 08:56:56 INFO  ce[][o.s.ce.app.CeServer] Compute Engine is started
2024.11.25 08:57:53 INFO  ce[][o.s.c.t.CeWorkerImpl] Execute task | project=tres_enraya | type=REPORT | id=0ffed9a7-e167-4d75-a48f-e0ac15731070 | submitter=admin
2024.11.25 08:57:54 INFO  ce[0ffed9a7-e167-4d75-a48f-e0ac15731070][o.s.c.t.s.ComputationStepExecutor] Extract report | status=SUCCESS | time=61ms
2024.11.25 08:57:54 INFO  ce[0ffed9a7-e167-4d75-a48f-e0ac15731070][o.s.c.t.s.ComputationStepExecutor] Persist scanner context | status=SUCCESS | time=55ms
2024.11.25 08:57:54 INFO  ce[0ffed9a7-e167-4d75-a48f-e0ac15731070][o.s.c.t.s.ComputationStepExecutor] Propagate analysis warnings from scanner report | status=SUCCESS | time=84ms
2024.11.25 08:57:54 INFO  ce[0ffed9a7-e167-4d75-a48f-e0ac15731070][o.s.c.t.s.ComputationStepExecutor] Generate analysis UUID | status=SUCCESS | time=0ms
2024.11.25 08:57:54 INFO  ce[0ffed9a7-e167-4d75-a48f-e0ac15731070][o.s.c.t.s.ComputationStepExecutor] Load analysis metadata | status=SUCCESS | time=166ms
2024.11.25 08:57:54 INFO  ce[0ffed9a7-e167-4d75-a48f-e0ac15731070][o.s.c.t.s.ComputationStepExecutor] Initialize | status=SUCCESS | time=0ms
2024.11.25 08:57:54 INFO  ce[0ffed9a7-e167-4d75-a48f-e0ac15731070][o.s.c.t.s.ComputationStepExecutor] Build tree of components | components=22 | status=SUCCESS | time=139ms
2024.11.25 08:57:54 INFO  ce[0ffed9a7-e167-4d75-a48f-e0ac15731070][o.s.c.t.s.ComputationStepExecutor] Validate project | status=SUCCESS | time=5ms
2024.11.25 08:57:54 INFO  ce[0ffed9a7-e167-4d75-a48f-e0ac15731070][o.s.s.e.EsClientProvider] Connected to local Elasticsearch: [http://kubernetes.docker.internal:9001]
2024.11.25 08:58:11 INFO  ce[0ffed9a7-e167-4d75-a48f-e0ac15731070][o.s.c.t.s.ComputationStepExecutor] Load quality profiles | status=SUCCESS | time=16200ms
2024.11.25 08:58:11 INFO  ce[0ffed9a7-e167-4d75-a48f-e0ac15731070][o.s.c.t.s.ComputationStepExecutor] Checks executed before computation of measures | status=SUCCESS | time=0ms
2024.11.25 08:58:11 INFO  ce[0ffed9a7-e167-4d75-a48f-e0ac15731070][o.s.c.t.s.ComputationStepExecutor] Generate SQ Upgrade analysis events | status=SUCCESS | time=0ms
2024.11.25 08:58:11 INFO  ce[0ffed9a7-e167-4d75-a48f-e0ac15731070][o.s.c.t.s.ComputationStepExecutor] Load file hashes and statuses | status=SUCCESS | time=181ms
2024.11.25 08:58:11 INFO  ce[0ffed9a7-e167-4d75-a48f-e0ac15731070][o.s.c.t.s.ComputationStepExecutor] Load Quality gate | status=SUCCESS | time=33ms
2024.11.25 08:58:11 INFO  ce[0ffed9a7-e167-4d75-a48f-e0ac15731070][o.s.c.t.s.ComputationStepExecutor] Load new code period | status=SUCCESS | time=20ms
2024.11.25 08:58:11 INFO  ce[0ffed9a7-e167-4d75-a48f-e0ac15731070][o.s.c.t.s.ComputationStepExecutor] Load prioritized rules | status=SUCCESS | time=22ms
2024.11.25 08:58:11 INFO  ce[0ffed9a7-e167-4d75-a48f-e0ac15731070][o.s.c.t.s.ComputationStepExecutor] Detect file moves | reportFiles=13 | dbFiles=13 | addedFiles=0 | status=SUCCESS | time=1ms
2024.11.25 08:58:11 INFO  ce[0ffed9a7-e167-4d75-a48f-e0ac15731070][o.s.c.t.s.ComputationStepExecutor] Detect file moves in Pull Request scope | status=SUCCESS | time=0ms
2024.11.25 08:58:11 INFO  ce[0ffed9a7-e167-4d75-a48f-e0ac15731070][o.s.c.t.s.ComputationStepExecutor] Load duplications | duplications=0 | status=SUCCESS | time=3ms
2024.11.25 08:58:11 INFO  ce[0ffed9a7-e167-4d75-a48f-e0ac15731070][o.s.c.t.s.ComputationStepExecutor] Compute cross project duplications | status=SUCCESS | time=0ms
2024.11.25 08:58:11 INFO  ce[0ffed9a7-e167-4d75-a48f-e0ac15731070][o.s.c.t.s.ComputationStepExecutor] Compute size measures | status=SUCCESS | time=124ms
2024.11.25 08:58:12 INFO  ce[0ffed9a7-e167-4d75-a48f-e0ac15731070][o.s.c.t.s.ComputationStepExecutor] Compute new coverage | status=SUCCESS | time=244ms
2024.11.25 08:58:12 INFO  ce[0ffed9a7-e167-4d75-a48f-e0ac15731070][o.s.c.t.s.ComputationStepExecutor] Compute coverage measures | status=SUCCESS | time=0ms
2024.11.25 08:58:12 INFO  ce[0ffed9a7-e167-4d75-a48f-e0ac15731070][o.s.c.t.s.ComputationStepExecutor] Compute comment measures | status=SUCCESS | time=16ms
2024.11.25 08:58:12 INFO  ce[0ffed9a7-e167-4d75-a48f-e0ac15731070][o.s.c.t.s.ComputationStepExecutor] Compute duplication measures | status=SUCCESS | time=0ms
2024.11.25 08:58:12 INFO  ce[0ffed9a7-e167-4d75-a48f-e0ac15731070][o.s.c.t.s.ComputationStepExecutor] Compute size measures on new code | status=SUCCESS | time=0ms
2024.11.25 08:58:12 INFO  ce[0ffed9a7-e167-4d75-a48f-e0ac15731070][o.s.c.t.s.ComputationStepExecutor] Compute language distribution | status=SUCCESS | time=29ms
2024.11.25 08:58:12 INFO  ce[0ffed9a7-e167-4d75-a48f-e0ac15731070][o.s.c.t.s.ComputationStepExecutor] Compute test measures | status=SUCCESS | time=0ms
2024.11.25 08:58:12 INFO  ce[0ffed9a7-e167-4d75-a48f-e0ac15731070][o.s.c.t.s.ComputationStepExecutor] Compute complexity measures | status=SUCCESS | time=7ms
2024.11.25 08:58:12 INFO  ce[0ffed9a7-e167-4d75-a48f-e0ac15731070][o.s.c.t.s.ComputationStepExecutor] Load measure computers | status=SUCCESS | time=4ms
2024.11.25 08:58:12 INFO  ce[0ffed9a7-e167-4d75-a48f-e0ac15731070][o.s.c.t.s.ComputationStepExecutor] Compute Quality Profile status | status=SUCCESS | time=23ms
2024.11.25 08:58:12 INFO  ce[0ffed9a7-e167-4d75-a48f-e0ac15731070][o.s.c.t.s.ComputationStepExecutor] Execute component visitors | status=SUCCESS | time=314ms
2024.11.25 08:58:12 INFO  ce[0ffed9a7-e167-4d75-a48f-e0ac15731070][o.s.c.t.s.ComputationStepExecutor] Checks executed after computation of measures | status=SUCCESS | time=0ms
2024.11.25 08:58:12 INFO  ce[0ffed9a7-e167-4d75-a48f-e0ac15731070][o.s.c.t.s.ComputationStepExecutor] Compute pull request fixed issues measure | status=SUCCESS | time=0ms
2024.11.25 08:58:12 INFO  ce[0ffed9a7-e167-4d75-a48f-e0ac15731070][o.s.c.t.s.ComputationStepExecutor] Compute Quality Gate measures | status=SUCCESS | time=10ms
2024.11.25 08:58:12 INFO  ce[0ffed9a7-e167-4d75-a48f-e0ac15731070][o.s.c.t.s.ComputationStepExecutor] Compute Quality profile measures | status=SUCCESS | time=12ms
2024.11.25 08:58:12 INFO  ce[0ffed9a7-e167-4d75-a48f-e0ac15731070][o.s.c.t.s.ComputationStepExecutor] Generate Quality profile events | status=SUCCESS | time=0ms
2024.11.25 08:58:12 INFO  ce[0ffed9a7-e167-4d75-a48f-e0ac15731070][o.s.c.t.s.ComputationStepExecutor] Generate Quality gate events | status=SUCCESS | time=0ms
2024.11.25 08:58:12 INFO  ce[0ffed9a7-e167-4d75-a48f-e0ac15731070][o.s.c.t.s.ComputationStepExecutor] Generate Issue Detection events | status=SUCCESS | time=0ms
2024.11.25 08:58:12 INFO  ce[0ffed9a7-e167-4d75-a48f-e0ac15731070][o.s.c.t.s.ComputationStepExecutor] Check upgrade possibility for not analyzed code files. | status=SUCCESS | time=18ms
2024.11.25 08:58:12 INFO  ce[0ffed9a7-e167-4d75-a48f-e0ac15731070][o.s.c.t.s.ComputationStepExecutor] Persist scanner analysis cache | status=SUCCESS | time=13ms
2024.11.25 08:58:12 INFO  ce[0ffed9a7-e167-4d75-a48f-e0ac15731070][o.s.c.t.s.ComputationStepExecutor] Persist components | status=SUCCESS | time=34ms
2024.11.25 08:58:12 INFO  ce[0ffed9a7-e167-4d75-a48f-e0ac15731070][o.s.c.t.s.ComputationStepExecutor] Persist analysis | status=SUCCESS | time=0ms
2024.11.25 08:58:12 INFO  ce[0ffed9a7-e167-4d75-a48f-e0ac15731070][o.s.c.t.s.ComputationStepExecutor] Persist analysis properties | status=SUCCESS | time=29ms
2024.11.25 08:58:12 INFO  ce[0ffed9a7-e167-4d75-a48f-e0ac15731070][o.s.c.t.s.ComputationStepExecutor] Persist project measures | inserts=75 | status=SUCCESS | time=48ms
2024.11.25 08:58:13 INFO  ce[0ffed9a7-e167-4d75-a48f-e0ac15731070][o.s.c.t.s.ComputationStepExecutor] Persist live measures | insertsOrUpdates=1403 | status=SUCCESS | time=528ms
2024.11.25 08:58:13 INFO  ce[0ffed9a7-e167-4d75-a48f-e0ac15731070][o.s.c.t.s.ComputationStepExecutor] Persist duplication data | insertsOrUpdates=0 | status=SUCCESS | time=0ms
2024.11.25 08:58:13 INFO  ce[0ffed9a7-e167-4d75-a48f-e0ac15731070][o.s.c.t.s.ComputationStepExecutor] Persist new ad hoc Rules | status=SUCCESS | time=0ms
2024.11.25 08:58:13 INFO  ce[0ffed9a7-e167-4d75-a48f-e0ac15731070][o.s.c.t.s.ComputationStepExecutor] Persist CVEs | status=SUCCESS | time=0ms
2024.11.25 08:58:13 INFO  ce[0ffed9a7-e167-4d75-a48f-e0ac15731070][o.s.c.t.s.ComputationStepExecutor] Persist issues | cacheSize=0 bytes | inserts=0 | updates=0 | merged=0 | status=SUCCESS | time=26ms
2024.11.25 08:58:13 INFO  ce[0ffed9a7-e167-4d75-a48f-e0ac15731070][o.s.c.t.s.ComputationStepExecutor] Delete issue changes | changes=0 | status=SUCCESS | time=0ms
2024.11.25 08:58:13 INFO  ce[0ffed9a7-e167-4d75-a48f-e0ac15731070][o.s.c.t.s.ComputationStepExecutor] Persist project links | status=SUCCESS | time=0ms
2024.11.25 08:58:13 INFO  ce[0ffed9a7-e167-4d75-a48f-e0ac15731070][o.s.c.t.s.ComputationStepExecutor] Persist events | status=SUCCESS | time=0ms
2024.11.25 08:58:13 INFO  ce[0ffed9a7-e167-4d75-a48f-e0ac15731070][o.s.c.t.s.ComputationStepExecutor] Persist sources | status=SUCCESS | time=316ms
2024.11.25 08:58:13 INFO  ce[0ffed9a7-e167-4d75-a48f-e0ac15731070][o.s.c.t.s.ComputationStepExecutor] Persist cross project duplications | status=SUCCESS | time=0ms
2024.11.25 08:58:13 INFO  ce[0ffed9a7-e167-4d75-a48f-e0ac15731070][o.s.c.t.s.ComputationStepExecutor] Enable analysis | status=SUCCESS | time=0ms
2024.11.25 08:58:13 INFO  ce[0ffed9a7-e167-4d75-a48f-e0ac15731070][o.s.c.t.s.ComputationStepExecutor] Persist Fixed issues in Pull Request | status=SUCCESS | time=0ms
2024.11.25 08:58:13 INFO  ce[0ffed9a7-e167-4d75-a48f-e0ac15731070][o.s.c.t.s.ComputationStepExecutor] Update last usage date of quality profiles | status=SUCCESS | time=47ms
2024.11.25 08:58:13 INFO  ce[0ffed9a7-e167-4d75-a48f-e0ac15731070][o.s.c.t.s.ComputationStepExecutor] Purge db | status=SUCCESS | time=99ms
2024.11.25 08:58:14 INFO  ce[0ffed9a7-e167-4d75-a48f-e0ac15731070][o.s.c.t.s.ComputationStepExecutor] Load changed issues for indexing | status=SUCCESS | time=0ms
2024.11.25 08:58:15 INFO  ce[0ffed9a7-e167-4d75-a48f-e0ac15731070][o.s.c.t.s.ComputationStepExecutor] Index analysis | status=SUCCESS | time=1655ms
2024.11.25 08:58:15 INFO  ce[0ffed9a7-e167-4d75-a48f-e0ac15731070][o.s.c.t.s.ComputationStepExecutor] Update need issue sync for branch | status=SUCCESS | time=4ms
2024.11.25 08:58:15 INFO  ce[0ffed9a7-e167-4d75-a48f-e0ac15731070][o.s.c.t.s.ComputationStepExecutor] Compute total Project ncloc | status=SUCCESS | time=0ms
2024.11.25 08:58:15 INFO  ce[0ffed9a7-e167-4d75-a48f-e0ac15731070][o.s.c.t.s.ComputationStepExecutor] Publishing taint vulnerabilities and security hotspots events | status=SUCCESS | time=0ms
2024.11.25 08:58:15 INFO  ce[0ffed9a7-e167-4d75-a48f-e0ac15731070][o.s.c.t.s.ComputationStepExecutor] Send issue notifications | newIssuesNotifs=0 | newIssuesDeliveries=0 | myNewIssuesNotifs=0 | myNewIssuesDeliveries=0 | changesNotifs=0 | changesDeliveries=0 | status=SUCCESS | time=15ms
2024.11.25 08:58:15 INFO  ce[0ffed9a7-e167-4d75-a48f-e0ac15731070][o.s.c.t.s.ComputationStepExecutor] Actions to execute when the computation is about to be finished | status=SUCCESS | time=0ms
2024.11.25 08:58:15 INFO  ce[0ffed9a7-e167-4d75-a48f-e0ac15731070][o.s.c.t.s.ComputationStepExecutor] Publish task results | status=SUCCESS | time=0ms
2024.11.25 08:58:15 INFO  ce[0ffed9a7-e167-4d75-a48f-e0ac15731070][o.s.c.t.s.ComputationStepExecutor] Trigger refresh of Portfolios and Applications | status=SUCCESS | time=0ms
2024.11.25 08:58:15 INFO  ce[0ffed9a7-e167-4d75-a48f-e0ac15731070][o.s.c.t.p.a.p.PostProjectAnalysisTasksExecutor] Webhooks | globalWebhooks=0 | projectWebhooks=0 | status=SUCCESS | time=6ms
2024.11.25 08:58:15 INFO  ce[0ffed9a7-e167-4d75-a48f-e0ac15731070][o.s.c.t.CeWorkerImpl] Executed task | project=tres_enraya | type=REPORT | id=0ffed9a7-e167-4d75-a48f-e0ac15731070 | submitter=admin | status=SUCCESS | time=22526ms
2024.11.25 09:22:49 WARN  ce[][c.z.h.p.HikariPool] HikariPool-1 - Thread starvation or clock leap detected (housekeeper delta=2m55s252ms564µs900ns).
2024.11.25 10:14:58 INFO  ce[][o.s.p.ProcessEntryPoint] Gracefully stopping process
2024.11.25 10:14:58 INFO  ce[][o.s.ce.app.CeServer] Compute Engine is stopping...
2024.11.25 10:14:58 INFO  ce[][o.s.c.t.CeProcessingSchedulerImpl] Gracefully stopping workers...
2024.11.25 10:14:58 INFO  ce[][c.z.h.HikariDataSource] HikariPool-1 - Shutdown initiated...
2024.11.25 10:14:58 INFO  ce[][c.z.h.HikariDataSource] HikariPool-1 - Shutdown completed.
2024.11.25 10:14:58 INFO  ce[][o.s.ce.app.CeServer] Compute Engine is stopped
