2024.11.24 19:26:25 WARN  es[][o.e.n.NativeAccess] Unable to load native provider. Native methods will be disabled.
java.lang.UnsatisfiedLinkError: Unable to load library 'zstd':
No se puede encontrar el módulo especificado.

No se puede encontrar el módulo especificado.

No se puede encontrar el módulo especificado.

Native library (win32-x86-64/zstd.dll) not found in resource path ()
	at com.sun.jna.NativeLibrary.loadLibrary(NativeLibrary.java:307) ~[jna-5.12.1.jar:?]
	at com.sun.jna.NativeLibrary.getInstance(NativeLibrary.java:467) ~[jna-5.12.1.jar:?]
	at com.sun.jna.Native.register(Native.java:1774) ~[jna-5.12.1.jar:?]
	at org.elasticsearch.nativeaccess.jna.JnaZstdLibrary.<init>(JnaZstdLibrary.java:32) ~[?:?]
	at org.elasticsearch.nativeaccess.lib.NativeLibraryProvider.getLibrary(NativeLibraryProvider.java:58) ~[elasticsearch-native-8.14.1.jar:?]
	at org.elasticsearch.nativeaccess.AbstractNativeAccess.<init>(AbstractNativeAccess.java:28) ~[elasticsearch-native-8.14.1.jar:?]
	at org.elasticsearch.nativeaccess.WindowsNativeAccess.<init>(WindowsNativeAccess.java:18) ~[elasticsearch-native-8.14.1.jar:?]
	at org.elasticsearch.nativeaccess.NativeAccessHolder.<clinit>(NativeAccessHolder.java:32) ~[elasticsearch-native-8.14.1.jar:?]
	at org.elasticsearch.nativeaccess.NativeAccess.instance(NativeAccess.java:22) ~[elasticsearch-native-8.14.1.jar:?]
	at org.elasticsearch.bootstrap.Elasticsearch.initializeNatives(Elasticsearch.java:285) ~[elasticsearch-8.14.1.jar:?]
	at org.elasticsearch.bootstrap.Elasticsearch.initPhase2(Elasticsearch.java:169) ~[elasticsearch-8.14.1.jar:?]
	at org.elasticsearch.bootstrap.Elasticsearch.main(Elasticsearch.java:74) ~[elasticsearch-8.14.1.jar:?]
	Suppressed: java.lang.UnsatisfiedLinkError: No se puede encontrar el módulo especificado.

		at com.sun.jna.Native.open(Native Method) ~[jna-5.12.1.jar:?]
		at com.sun.jna.NativeLibrary.loadLibrary(NativeLibrary.java:197) ~[jna-5.12.1.jar:?]
		at com.sun.jna.NativeLibrary.getInstance(NativeLibrary.java:467) ~[jna-5.12.1.jar:?]
		at com.sun.jna.Native.register(Native.java:1774) ~[jna-5.12.1.jar:?]
		at org.elasticsearch.nativeaccess.jna.JnaZstdLibrary.<init>(JnaZstdLibrary.java:32) ~[?:?]
		at org.elasticsearch.nativeaccess.lib.NativeLibraryProvider.getLibrary(NativeLibraryProvider.java:58) ~[elasticsearch-native-8.14.1.jar:?]
		at org.elasticsearch.nativeaccess.AbstractNativeAccess.<init>(AbstractNativeAccess.java:28) ~[elasticsearch-native-8.14.1.jar:?]
		at org.elasticsearch.nativeaccess.WindowsNativeAccess.<init>(WindowsNativeAccess.java:18) ~[elasticsearch-native-8.14.1.jar:?]
		at org.elasticsearch.nativeaccess.NativeAccessHolder.<clinit>(NativeAccessHolder.java:32) ~[elasticsearch-native-8.14.1.jar:?]
		at org.elasticsearch.nativeaccess.NativeAccess.instance(NativeAccess.java:22) ~[elasticsearch-native-8.14.1.jar:?]
		at org.elasticsearch.bootstrap.Elasticsearch.initializeNatives(Elasticsearch.java:285) ~[elasticsearch-8.14.1.jar:?]
		at org.elasticsearch.bootstrap.Elasticsearch.initPhase2(Elasticsearch.java:169) ~[elasticsearch-8.14.1.jar:?]
		at org.elasticsearch.bootstrap.Elasticsearch.main(Elasticsearch.java:74) ~[elasticsearch-8.14.1.jar:?]
	Suppressed: java.lang.UnsatisfiedLinkError: No se puede encontrar el módulo especificado.

		at com.sun.jna.Native.open(Native Method) ~[jna-5.12.1.jar:?]
		at com.sun.jna.NativeLibrary.loadLibrary(NativeLibrary.java:210) ~[jna-5.12.1.jar:?]
		at com.sun.jna.NativeLibrary.getInstance(NativeLibrary.java:467) ~[jna-5.12.1.jar:?]
		at com.sun.jna.Native.register(Native.java:1774) ~[jna-5.12.1.jar:?]
		at org.elasticsearch.nativeaccess.jna.JnaZstdLibrary.<init>(JnaZstdLibrary.java:32) ~[?:?]
		at org.elasticsearch.nativeaccess.lib.NativeLibraryProvider.getLibrary(NativeLibraryProvider.java:58) ~[elasticsearch-native-8.14.1.jar:?]
		at org.elasticsearch.nativeaccess.AbstractNativeAccess.<init>(AbstractNativeAccess.java:28) ~[elasticsearch-native-8.14.1.jar:?]
		at org.elasticsearch.nativeaccess.WindowsNativeAccess.<init>(WindowsNativeAccess.java:18) ~[elasticsearch-native-8.14.1.jar:?]
		at org.elasticsearch.nativeaccess.NativeAccessHolder.<clinit>(NativeAccessHolder.java:32) ~[elasticsearch-native-8.14.1.jar:?]
		at org.elasticsearch.nativeaccess.NativeAccess.instance(NativeAccess.java:22) ~[elasticsearch-native-8.14.1.jar:?]
		at org.elasticsearch.bootstrap.Elasticsearch.initializeNatives(Elasticsearch.java:285) ~[elasticsearch-8.14.1.jar:?]
		at org.elasticsearch.bootstrap.Elasticsearch.initPhase2(Elasticsearch.java:169) ~[elasticsearch-8.14.1.jar:?]
		at org.elasticsearch.bootstrap.Elasticsearch.main(Elasticsearch.java:74) ~[elasticsearch-8.14.1.jar:?]
	Suppressed: java.lang.UnsatisfiedLinkError: No se puede encontrar el módulo especificado.

		at com.sun.jna.Native.open(Native Method) ~[jna-5.12.1.jar:?]
		at com.sun.jna.NativeLibrary.loadLibrary(NativeLibrary.java:270) ~[jna-5.12.1.jar:?]
		at com.sun.jna.NativeLibrary.getInstance(NativeLibrary.java:467) ~[jna-5.12.1.jar:?]
		at com.sun.jna.Native.register(Native.java:1774) ~[jna-5.12.1.jar:?]
		at org.elasticsearch.nativeaccess.jna.JnaZstdLibrary.<init>(JnaZstdLibrary.java:32) ~[?:?]
		at org.elasticsearch.nativeaccess.lib.NativeLibraryProvider.getLibrary(NativeLibraryProvider.java:58) ~[elasticsearch-native-8.14.1.jar:?]
		at org.elasticsearch.nativeaccess.AbstractNativeAccess.<init>(AbstractNativeAccess.java:28) ~[elasticsearch-native-8.14.1.jar:?]
		at org.elasticsearch.nativeaccess.WindowsNativeAccess.<init>(WindowsNativeAccess.java:18) ~[elasticsearch-native-8.14.1.jar:?]
		at org.elasticsearch.nativeaccess.NativeAccessHolder.<clinit>(NativeAccessHolder.java:32) ~[elasticsearch-native-8.14.1.jar:?]
		at org.elasticsearch.nativeaccess.NativeAccess.instance(NativeAccess.java:22) ~[elasticsearch-native-8.14.1.jar:?]
		at org.elasticsearch.bootstrap.Elasticsearch.initializeNatives(Elasticsearch.java:285) ~[elasticsearch-8.14.1.jar:?]
		at org.elasticsearch.bootstrap.Elasticsearch.initPhase2(Elasticsearch.java:169) ~[elasticsearch-8.14.1.jar:?]
		at org.elasticsearch.bootstrap.Elasticsearch.main(Elasticsearch.java:74) ~[elasticsearch-8.14.1.jar:?]
	Suppressed: java.io.IOException: Native library (win32-x86-64/zstd.dll) not found in resource path ()
		at com.sun.jna.Native.extractFromResourcePath(Native.java:1145) ~[jna-5.12.1.jar:?]
		at com.sun.jna.NativeLibrary.loadLibrary(NativeLibrary.java:281) ~[jna-5.12.1.jar:?]
		at com.sun.jna.NativeLibrary.getInstance(NativeLibrary.java:467) ~[jna-5.12.1.jar:?]
		at com.sun.jna.Native.register(Native.java:1774) ~[jna-5.12.1.jar:?]
		at org.elasticsearch.nativeaccess.jna.JnaZstdLibrary.<init>(JnaZstdLibrary.java:32) ~[?:?]
		at org.elasticsearch.nativeaccess.lib.NativeLibraryProvider.getLibrary(NativeLibraryProvider.java:58) ~[elasticsearch-native-8.14.1.jar:?]
		at org.elasticsearch.nativeaccess.AbstractNativeAccess.<init>(AbstractNativeAccess.java:28) ~[elasticsearch-native-8.14.1.jar:?]
		at org.elasticsearch.nativeaccess.WindowsNativeAccess.<init>(WindowsNativeAccess.java:18) ~[elasticsearch-native-8.14.1.jar:?]
		at org.elasticsearch.nativeaccess.NativeAccessHolder.<clinit>(NativeAccessHolder.java:32) ~[elasticsearch-native-8.14.1.jar:?]
		at org.elasticsearch.nativeaccess.NativeAccess.instance(NativeAccess.java:22) ~[elasticsearch-native-8.14.1.jar:?]
		at org.elasticsearch.bootstrap.Elasticsearch.initializeNatives(Elasticsearch.java:285) ~[elasticsearch-8.14.1.jar:?]
		at org.elasticsearch.bootstrap.Elasticsearch.initPhase2(Elasticsearch.java:169) ~[elasticsearch-8.14.1.jar:?]
		at org.elasticsearch.bootstrap.Elasticsearch.main(Elasticsearch.java:74) ~[elasticsearch-8.14.1.jar:?]
2024.11.24 19:26:25 WARN  es[][o.e.n.NativeAccess] Cannot check if running as root because native access is not available
2024.11.24 19:26:26 INFO  es[][o.e.n.Node] version[8.14.1], pid[20036], build[tar/93a57a1a76f556d8aee6a90d1a95b06187501310/2024-06-10T23:35:17.114581191Z], OS[Windows 11/10.0/amd64], JVM[Oracle Corporation/Java HotSpot(TM) 64-Bit Server VM/17.0.12/17.0.12+8-LTS-286]
2024.11.24 19:26:26 INFO  es[][o.e.n.Node] JVM home [D:\jdk-17.0.12], using bundled JDK [false]
2024.11.24 19:26:26 INFO  es[][o.e.n.Node] JVM arguments [-Des.networkaddress.cache.ttl=60, -Des.networkaddress.cache.negative.ttl=10, -Djava.security.manager=allow, -XX:+AlwaysPreTouch, -Xss1m, -Djava.awt.headless=true, -Dfile.encoding=UTF-8, -Djna.nosys=true, -XX:-OmitStackTraceInFastThrow, -Dio.netty.noUnsafe=true, -Dio.netty.noKeySetOptimization=true, -Dio.netty.recycler.maxCapacityPerThread=0, -Dlog4j.shutdownHookEnabled=false, -Dlog4j2.disable.jmx=true, -Dlog4j2.formatMsgNoLookups=true, -Djava.locale.providers=SPI,COMPAT, --add-opens=java.base/java.io=org.elasticsearch.preallocate, --add-opens=org.apache.lucene.core/org.apache.lucene.store=org.elasticsearch.vec, -XX:ReplayDataFile=logs/replay_pid%p.log, -Djava.library.path=D:\sonarqube-10.7.0.96327\elasticsearch\lib\platform\windows-x64;D:\jdk-17.0.12\bin;C:\Windows\Sun\Java\bin;C:\Windows\system32;C:\Windows;C:\Windows\system32;C:\Windows;C:\Windows\System32\Wbem;C:\Windows\System32\WindowsPowerShell\v1.0\;C:\Windows\System32\OpenSSH\;C:\xampp\php;C:\Program Files\Git\cmd;C:\ProgramData\ComposerSetup\bin;C:\Program Files\nodejs\;C:\Program Files\Docker\Docker\resources\bin;C:\Program Files\MySQL\MySQL Server 8.0\bin;C:\Program Files (x86)\apache-maven-3.9.9;D:\jdk-17.0.12\bin;D:\sonarqube-10.7.0.96327\bin\windows-x86-64;C:\Users\ASUS TUF\AppData\Local\Microsoft\WindowsApps;C:\Users\ASUS TUF\AppData\Local\Programs\Microsoft VS Code\bin;C:\Users\ASUS TUF\AppData\Roaming\Composer\vendor\bin;C:\Users\ASUS TUF\AppData\Roaming\npm;C:\Program Files\JetBrains\IntelliJ IDEA 2024.2.3\bin;;C:\Program Files (x86)\apache-maven-3.9.9\bin;., -Djna.library.path=D:\sonarqube-10.7.0.96327\elasticsearch\lib\platform\windows-x64;D:\jdk-17.0.12\bin;C:\Windows\Sun\Java\bin;C:\Windows\system32;C:\Windows;C:\Windows\system32;C:\Windows;C:\Windows\System32\Wbem;C:\Windows\System32\WindowsPowerShell\v1.0\;C:\Windows\System32\OpenSSH\;C:\xampp\php;C:\Program Files\Git\cmd;C:\ProgramData\ComposerSetup\bin;C:\Program Files\nodejs\;C:\Program Files\Docker\Docker\resources\bin;C:\Program Files\MySQL\MySQL Server 8.0\bin;C:\Program Files (x86)\apache-maven-3.9.9;D:\jdk-17.0.12\bin;D:\sonarqube-10.7.0.96327\bin\windows-x86-64;C:\Users\ASUS TUF\AppData\Local\Microsoft\WindowsApps;C:\Users\ASUS TUF\AppData\Local\Programs\Microsoft VS Code\bin;C:\Users\ASUS TUF\AppData\Roaming\Composer\vendor\bin;C:\Users\ASUS TUF\AppData\Roaming\npm;C:\Program Files\JetBrains\IntelliJ IDEA 2024.2.3\bin;;C:\Program Files (x86)\apache-maven-3.9.9\bin;., -Des.distribution.type=tar, -XX:+UseG1GC, -Djava.io.tmpdir=D:\sonarqube-10.7.0.96327\temp, -XX:ErrorFile=D:\sonarqube-10.7.0.96327\logs\es_hs_err_pid%p.log, -Xlog:disable, -Des.networkaddress.cache.ttl=60, -Des.networkaddress.cache.negative.ttl=10, -XX:+AlwaysPreTouch, -Xss1m, -Djava.awt.headless=true, -Dfile.encoding=UTF-8, -Djna.nosys=true, -Djna.tmpdir=D:\sonarqube-10.7.0.96327\temp, -XX:-OmitStackTraceInFastThrow, -Dio.netty.noUnsafe=true, -Dio.netty.noKeySetOptimization=true, -Dio.netty.recycler.maxCapacityPerThread=0, -Dio.netty.allocator.numDirectArenas=0, -Dlog4j.shutdownHookEnabled=false, -Dlog4j2.disable.jmx=true, -Dlog4j2.formatMsgNoLookups=true, -Djava.locale.providers=COMPAT, -Xmx512m, -Xms512m, -XX:MaxDirectMemorySize=256m, -XX:+HeapDumpOnOutOfMemoryError, -XX:G1HeapRegionSize=4m, -XX:InitiatingHeapOccupancyPercent=30, -XX:G1ReservePercent=15, --module-path=D:\sonarqube-10.7.0.96327\elasticsearch\lib, --add-modules=jdk.net, --add-modules=ALL-MODULE-PATH, -Djdk.module.main=org.elasticsearch.server]
2024.11.24 19:26:26 INFO  es[][o.e.n.Node] Default Locale [es_PE]
2024.11.24 19:26:30 INFO  es[][o.e.p.PluginsService] loaded module [rest-root]
2024.11.24 19:26:30 INFO  es[][o.e.p.PluginsService] loaded module [reindex]
2024.11.24 19:26:30 INFO  es[][o.e.p.PluginsService] loaded module [x-pack-core]
2024.11.24 19:26:30 INFO  es[][o.e.p.PluginsService] loaded module [x-pack-redact]
2024.11.24 19:26:30 INFO  es[][o.e.p.PluginsService] loaded module [x-pack-security]
2024.11.24 19:26:30 INFO  es[][o.e.p.PluginsService] loaded module [x-pack-apm-data]
2024.11.24 19:26:30 INFO  es[][o.e.p.PluginsService] loaded module [lang-painless]
2024.11.24 19:26:30 INFO  es[][o.e.p.PluginsService] loaded module [old-lucene-versions]
2024.11.24 19:26:30 INFO  es[][o.e.p.PluginsService] loaded module [parent-join]
2024.11.24 19:26:30 INFO  es[][o.e.p.PluginsService] loaded module [counted-keyword]
2024.11.24 19:26:30 INFO  es[][o.e.p.PluginsService] loaded module [analysis-common]
2024.11.24 19:26:30 INFO  es[][o.e.p.PluginsService] loaded module [x-pack-inference]
2024.11.24 19:26:30 INFO  es[][o.e.p.PluginsService] loaded module [health-shards-availability]
2024.11.24 19:26:30 INFO  es[][o.e.p.PluginsService] loaded module [transport-netty4]
2024.11.24 19:26:30 INFO  es[][o.e.p.PluginsService] loaded module [aggregations]
2024.11.24 19:26:30 INFO  es[][o.e.p.PluginsService] loaded module [apm]
2024.11.24 19:26:31 INFO  es[][o.e.e.NodeEnvironment] using [1] data paths, mounts [[Nuevo vol (D:)]], net usable_space [179.7gb], net total_space [196.2gb], types [NTFS]
2024.11.24 19:26:31 INFO  es[][o.e.e.NodeEnvironment] heap size [512mb], compressed ordinary object pointers [true]
2024.11.24 19:26:31 INFO  es[][o.e.n.Node] node name [sonarqube], node ID [88yqkowDR5GL1ojhP2SXaA], cluster name [sonarqube], roles [ml, data_hot, transform, data_content, data_warm, master, remote_cluster_client, data, data_cold, ingest, data_frozen]
2024.11.24 19:26:34 INFO  es[][o.e.f.FeatureService] Registered local node features [desired_node.version_deprecated, features_supported, health.extended_repository_indicator, knn_retriever_supported, license-trial-independent-version, retrievers_supported, standard_retriever_supported, usage.data_tiers.precalculate_stats]
2024.11.24 19:26:34 INFO  es[][o.e.x.s.Security] Security is disabled
2024.11.24 19:26:34 INFO  es[][o.e.x.a.APMPlugin] APM ingest plugin is disabled
2024.11.24 19:26:35 INFO  es[][o.e.t.a.APM] Sending apm metrics is disabled
2024.11.24 19:26:35 INFO  es[][o.e.t.a.APM] Sending apm tracing is disabled
2024.11.24 19:26:35 INFO  es[][o.e.t.n.NettyAllocator] creating NettyAllocator with the following configs: [name=unpooled, suggested_max_allocation_size=1mb, factors={es.unsafe.use_unpooled_allocator=null, g1gc_enabled=true, g1gc_region_size=4mb, heap_size=512mb}]
2024.11.24 19:26:35 INFO  es[][o.e.i.r.RecoverySettings] using rate limit [40mb] with [default=40mb, read=0b, write=0b, max=0b]
2024.11.24 19:26:35 INFO  es[][o.e.d.DiscoveryModule] using discovery type [single-node] and seed hosts providers [settings]
2024.11.24 19:26:38 INFO  es[][o.e.n.Node] initialized
2024.11.24 19:26:38 INFO  es[][o.e.n.Node] starting ...
2024.11.24 19:26:38 INFO  es[][o.e.t.TransportService] publish_address {127.0.0.1:51891}, bound_addresses {127.0.0.1:51891}
2024.11.24 19:26:39 INFO  es[][o.e.c.c.ClusterBootstrapService] this node is locked into cluster UUID [Yv1ykiYgSUS61lkl9SW_SQ] and will not attempt further cluster bootstrapping
2024.11.24 19:26:39 INFO  es[][o.e.c.s.MasterService] elected-as-master ([1] nodes joined in term 2)[_FINISH_ELECTION_, {sonarqube}{88yqkowDR5GL1ojhP2SXaA}{wxAw2t6KSWSok4XhGLOWZQ}{sonarqube}{127.0.0.1}{127.0.0.1:51891}{cdfhilmrstw}{8.14.1}{7000099-8505000} completing election], term: 2, version: 46, delta: master node changed {previous [], current [{sonarqube}{88yqkowDR5GL1ojhP2SXaA}{wxAw2t6KSWSok4XhGLOWZQ}{sonarqube}{127.0.0.1}{127.0.0.1:51891}{cdfhilmrstw}{8.14.1}{7000099-8505000}]}
2024.11.24 19:26:39 INFO  es[][o.e.c.s.ClusterApplierService] master node changed {previous [], current [{sonarqube}{88yqkowDR5GL1ojhP2SXaA}{wxAw2t6KSWSok4XhGLOWZQ}{sonarqube}{127.0.0.1}{127.0.0.1:51891}{cdfhilmrstw}{8.14.1}{7000099-8505000}]}, term: 2, version: 46, reason: Publication{term=2, version=46}
2024.11.24 19:26:39 INFO  es[][o.e.c.f.AbstractFileWatchingService] starting file watcher ...
2024.11.24 19:26:39 INFO  es[][o.e.c.f.AbstractFileWatchingService] file settings service up and running [tid=33]
2024.11.24 19:26:39 INFO  es[][o.e.r.s.FileSettingsService] setting file [D:\sonarqube-10.7.0.96327\temp\conf\es\operator\settings.json] not found, initializing [file_settings] as empty
2024.11.24 19:26:39 INFO  es[][o.e.h.AbstractHttpServerTransport] publish_address {127.0.0.1:9001}, bound_addresses {127.0.0.1:9001}
2024.11.24 19:26:39 INFO  es[][o.e.c.c.NodeJoinExecutor] node-join: [{sonarqube}{88yqkowDR5GL1ojhP2SXaA}{wxAw2t6KSWSok4XhGLOWZQ}{sonarqube}{127.0.0.1}{127.0.0.1:51891}{cdfhilmrstw}{8.14.1}{7000099-8505000}] with reason [completing election]
2024.11.24 19:26:39 INFO  es[][o.e.n.Node] started {sonarqube}{88yqkowDR5GL1ojhP2SXaA}{wxAw2t6KSWSok4XhGLOWZQ}{sonarqube}{127.0.0.1}{127.0.0.1:51891}{cdfhilmrstw}{8.14.1}{7000099-8505000}{xpack.installed=true, rack_id=sonarqube}
2024.11.24 19:26:39 INFO  es[][o.e.l.ClusterStateLicenseService] license [a93e3ce9-ee25-480a-a216-d25b6c0e2971] mode [basic] - valid
2024.11.24 19:26:39 INFO  es[][o.e.g.GatewayService] recovered [6] indices into cluster_state
2024.11.24 19:26:39 INFO  es[][o.e.h.n.s.HealthNodeTaskExecutor] Node [{sonarqube}{88yqkowDR5GL1ojhP2SXaA}] is selected as the current health node.
2024.11.24 19:26:42 INFO  es[][o.e.c.r.a.AllocationService] current.health="GREEN" message="Cluster health status changed from [RED] to [GREEN] (reason: [shards started [[metadatas][0]]])." previous.health="RED" reason="shards started [[metadatas][0]]"
