2024.11.25 08:03:38 INFO  app[][o.s.a.AppFileSystem] Cleaning or creating temp directory D:\sonarqube-10.7.0.96327\temp
2024.11.25 08:03:38 INFO  app[][o.s.a.es.EsSettings] Elasticsearch listening on [HTTP: 127.0.0.1:9001, TCP: 127.0.0.1:50474]
2024.11.25 08:03:38 INFO  app[][o.s.a.ProcessLauncherImpl] Launch process[ELASTICSEARCH] from [D:\sonarqube-10.7.0.96327\elasticsearch]: D:\jdk-17.0.12\bin\java -Xms4m -Xmx64m -XX:+UseSerialGC -Dcli.name=server -Dcli.script=./bin/elasticsearch -Dcli.libs=lib/tools/server-cli -Des.path.home=D:\sonarqube-10.7.0.96327\elasticsearch -Des.path.conf=D:\sonarqube-10.7.0.96327\temp\conf\es -Des.distribution.type=tar -cp D:\sonarqube-10.7.0.96327\elasticsearch\lib\*;D:\sonarqube-10.7.0.96327\elasticsearch\lib\cli-launcher\* org.elasticsearch.launcher.CliToolLauncher
2024.11.25 08:03:38 INFO  app[][o.s.a.SchedulerImpl] Waiting for Elasticsearch to be up and running
2024.11.25 08:04:02 INFO  app[][o.s.a.SchedulerImpl] Process[es] is up
2024.11.25 08:04:02 INFO  app[][o.s.a.ProcessLauncherImpl] Launch process[WEB_SERVER] from [D:\sonarqube-10.7.0.96327]: D:\jdk-17.0.12\bin\java -Djava.awt.headless=true -Dfile.encoding=UTF-8 -Djava.io.tmpdir=D:\sonarqube-10.7.0.96327\temp -XX:-OmitStackTraceInFastThrow --add-opens=java.base/java.util=ALL-UNNAMED --add-opens=java.base/java.lang=ALL-UNNAMED --add-opens=java.base/java.io=ALL-UNNAMED --add-opens=java.rmi/sun.rmi.transport=ALL-UNNAMED --add-exports=java.base/jdk.internal.ref=ALL-UNNAMED --add-opens=java.base/java.nio=ALL-UNNAMED --add-opens=java.base/sun.nio.ch=ALL-UNNAMED --add-opens=java.management/sun.management=ALL-UNNAMED --add-opens=jdk.management/com.sun.management.internal=ALL-UNNAMED -Xmx512m -Xms128m -XX:+HeapDumpOnOutOfMemoryError -Dhttp.nonProxyHosts=localhost|127.*|[::1] -cp ./lib/sonar-application-10.7.0.96327.jar;D:\sonarqube-10.7.0.96327\lib\jdbc\h2\h2-2.2.224.jar org.sonar.server.app.WebServer D:\sonarqube-10.7.0.96327\temp\sq-process13014448610141232025properties
2024.11.25 08:04:49 INFO  app[][o.s.a.SchedulerImpl] Process[web] is up
2024.11.25 08:04:49 INFO  app[][o.s.a.ProcessLauncherImpl] Launch process[COMPUTE_ENGINE] from [D:\sonarqube-10.7.0.96327]: D:\jdk-17.0.12\bin\java -Djava.awt.headless=true -Dfile.encoding=UTF-8 -Djava.io.tmpdir=D:\sonarqube-10.7.0.96327\temp -XX:-OmitStackTraceInFastThrow --add-opens=java.base/java.util=ALL-UNNAMED --add-exports=java.base/jdk.internal.ref=ALL-UNNAMED --add-opens=java.base/java.lang=ALL-UNNAMED --add-opens=java.base/java.nio=ALL-UNNAMED --add-opens=java.base/sun.nio.ch=ALL-UNNAMED --add-opens=java.management/sun.management=ALL-UNNAMED --add-opens=jdk.management/com.sun.management.internal=ALL-UNNAMED -Xmx512m -Xms128m -XX:+HeapDumpOnOutOfMemoryError -Dhttp.nonProxyHosts=localhost|127.*|[::1] -cp ./lib/sonar-application-10.7.0.96327.jar;D:\sonarqube-10.7.0.96327\lib\jdbc\h2\h2-2.2.224.jar org.sonar.ce.app.CeServer D:\sonarqube-10.7.0.96327\temp\sq-process15283755962784611049properties
2024.11.25 08:04:54 INFO  app[][o.s.a.SchedulerImpl] Process[ce] is up
2024.11.25 08:04:54 INFO  app[][o.s.a.SchedulerImpl] SonarQube is operational
2024.11.25 08:18:37 INFO  app[][o.s.a.SchedulerImpl] Stopping SonarQube
2024.11.25 08:18:37 INFO  app[][o.s.a.SchedulerImpl] Sonarqube has been requested to stop
2024.11.25 08:18:37 INFO  app[][o.s.a.SchedulerImpl] Stopping [Compute Engine] process...
2024.11.25 08:18:38 INFO  app[][o.s.a.SchedulerImpl] Process[Compute Engine] is stopped
2024.11.25 08:18:38 INFO  app[][o.s.a.SchedulerImpl] Stopping [Web Server] process...
2024.11.25 08:18:41 INFO  app[][o.s.a.SchedulerImpl] Process[Web Server] is stopped
2024.11.25 08:18:41 INFO  app[][o.s.a.SchedulerImpl] Stopping [ElasticSearch] process...
2024.11.25 08:18:41 INFO  app[][o.s.a.SchedulerImpl] Process[ElasticSearch] is stopped
2024.11.25 08:18:41 INFO  app[][o.s.a.SchedulerImpl] SonarQube is stopped
2024.11.25 08:18:54 INFO  app[][o.s.a.AppFileSystem] Cleaning or creating temp directory D:\sonarqube-10.7.0.96327\temp
2024.11.25 08:18:54 INFO  app[][o.s.a.es.EsSettings] Elasticsearch listening on [HTTP: 127.0.0.1:9001, TCP: 127.0.0.1:52031]
2024.11.25 08:18:55 INFO  app[][o.s.a.ProcessLauncherImpl] Launch process[ELASTICSEARCH] from [D:\sonarqube-10.7.0.96327\elasticsearch]: D:\jdk-17.0.12\bin\java -Xms4m -Xmx64m -XX:+UseSerialGC -Dcli.name=server -Dcli.script=./bin/elasticsearch -Dcli.libs=lib/tools/server-cli -Des.path.home=D:\sonarqube-10.7.0.96327\elasticsearch -Des.path.conf=D:\sonarqube-10.7.0.96327\temp\conf\es -Des.distribution.type=tar -cp D:\sonarqube-10.7.0.96327\elasticsearch\lib\*;D:\sonarqube-10.7.0.96327\elasticsearch\lib\cli-launcher\* org.elasticsearch.launcher.CliToolLauncher
2024.11.25 08:18:55 INFO  app[][o.s.a.SchedulerImpl] Waiting for Elasticsearch to be up and running
2024.11.25 08:19:19 INFO  app[][o.s.a.SchedulerImpl] Process[es] is up
2024.11.25 08:19:19 INFO  app[][o.s.a.ProcessLauncherImpl] Launch process[WEB_SERVER] from [D:\sonarqube-10.7.0.96327]: D:\jdk-17.0.12\bin\java -Djava.awt.headless=true -Dfile.encoding=UTF-8 -Djava.io.tmpdir=D:\sonarqube-10.7.0.96327\temp -XX:-OmitStackTraceInFastThrow --add-opens=java.base/java.util=ALL-UNNAMED --add-opens=java.base/java.lang=ALL-UNNAMED --add-opens=java.base/java.io=ALL-UNNAMED --add-opens=java.rmi/sun.rmi.transport=ALL-UNNAMED --add-exports=java.base/jdk.internal.ref=ALL-UNNAMED --add-opens=java.base/java.nio=ALL-UNNAMED --add-opens=java.base/sun.nio.ch=ALL-UNNAMED --add-opens=java.management/sun.management=ALL-UNNAMED --add-opens=jdk.management/com.sun.management.internal=ALL-UNNAMED -Xmx512m -Xms128m -XX:+HeapDumpOnOutOfMemoryError -Dhttp.nonProxyHosts=localhost|127.*|[::1] -cp ./lib/sonar-application-10.7.0.96327.jar;D:\sonarqube-10.7.0.96327\lib\jdbc\h2\h2-2.2.224.jar org.sonar.server.app.WebServer D:\sonarqube-10.7.0.96327\temp\sq-process9395103192884607106properties
2024.11.25 08:20:02 INFO  app[][o.s.a.SchedulerImpl] Process[web] is up
2024.11.25 08:20:02 INFO  app[][o.s.a.ProcessLauncherImpl] Launch process[COMPUTE_ENGINE] from [D:\sonarqube-10.7.0.96327]: D:\jdk-17.0.12\bin\java -Djava.awt.headless=true -Dfile.encoding=UTF-8 -Djava.io.tmpdir=D:\sonarqube-10.7.0.96327\temp -XX:-OmitStackTraceInFastThrow --add-opens=java.base/java.util=ALL-UNNAMED --add-exports=java.base/jdk.internal.ref=ALL-UNNAMED --add-opens=java.base/java.lang=ALL-UNNAMED --add-opens=java.base/java.nio=ALL-UNNAMED --add-opens=java.base/sun.nio.ch=ALL-UNNAMED --add-opens=java.management/sun.management=ALL-UNNAMED --add-opens=jdk.management/com.sun.management.internal=ALL-UNNAMED -Xmx512m -Xms128m -XX:+HeapDumpOnOutOfMemoryError -Dhttp.nonProxyHosts=localhost|127.*|[::1] -cp ./lib/sonar-application-10.7.0.96327.jar;D:\sonarqube-10.7.0.96327\lib\jdbc\h2\h2-2.2.224.jar org.sonar.ce.app.CeServer D:\sonarqube-10.7.0.96327\temp\sq-process4801839608681394883properties
2024.11.25 08:20:06 INFO  app[][o.s.a.SchedulerImpl] Process[ce] is up
2024.11.25 08:20:06 INFO  app[][o.s.a.SchedulerImpl] SonarQube is operational
2024.11.25 08:55:20 INFO  app[][o.s.a.SchedulerImpl] Stopping SonarQube
2024.11.25 08:55:20 INFO  app[][o.s.a.SchedulerImpl] Sonarqube has been requested to stop
2024.11.25 08:55:20 INFO  app[][o.s.a.SchedulerImpl] Stopping [Compute Engine] process...
2024.11.25 08:55:20 INFO  app[][o.s.a.SchedulerImpl] Process[Compute Engine] is stopped
2024.11.25 08:55:20 INFO  app[][o.s.a.SchedulerImpl] Stopping [Web Server] process...
2024.11.25 08:55:21 INFO  app[][o.s.a.SchedulerImpl] Process[Web Server] is stopped
2024.11.25 08:55:21 INFO  app[][o.s.a.SchedulerImpl] Stopping [ElasticSearch] process...
2024.11.25 08:55:21 INFO  app[][o.s.a.SchedulerImpl] Process[ElasticSearch] is stopped
2024.11.25 08:55:21 INFO  app[][o.s.a.SchedulerImpl] SonarQube is stopped
2024.11.25 08:55:39 INFO  app[][o.s.a.AppFileSystem] Cleaning or creating temp directory D:\sonarqube-10.7.0.96327\temp
2024.11.25 08:55:39 INFO  app[][o.s.a.es.EsSettings] Elasticsearch listening on [HTTP: 127.0.0.1:9001, TCP: 127.0.0.1:53608]
2024.11.25 08:55:39 INFO  app[][o.s.a.ProcessLauncherImpl] Launch process[ELASTICSEARCH] from [D:\sonarqube-10.7.0.96327\elasticsearch]: D:\jdk-17.0.12\bin\java -Xms4m -Xmx64m -XX:+UseSerialGC -Dcli.name=server -Dcli.script=./bin/elasticsearch -Dcli.libs=lib/tools/server-cli -Des.path.home=D:\sonarqube-10.7.0.96327\elasticsearch -Des.path.conf=D:\sonarqube-10.7.0.96327\temp\conf\es -Des.distribution.type=tar -cp D:\sonarqube-10.7.0.96327\elasticsearch\lib\*;D:\sonarqube-10.7.0.96327\elasticsearch\lib\cli-launcher\* org.elasticsearch.launcher.CliToolLauncher
2024.11.25 08:55:39 INFO  app[][o.s.a.SchedulerImpl] Waiting for Elasticsearch to be up and running
2024.11.25 08:55:52 INFO  app[][o.s.a.SchedulerImpl] Process[es] is up
2024.11.25 08:55:52 INFO  app[][o.s.a.ProcessLauncherImpl] Launch process[WEB_SERVER] from [D:\sonarqube-10.7.0.96327]: D:\jdk-17.0.12\bin\java -Djava.awt.headless=true -Dfile.encoding=UTF-8 -Djava.io.tmpdir=D:\sonarqube-10.7.0.96327\temp -XX:-OmitStackTraceInFastThrow --add-opens=java.base/java.util=ALL-UNNAMED --add-opens=java.base/java.lang=ALL-UNNAMED --add-opens=java.base/java.io=ALL-UNNAMED --add-opens=java.rmi/sun.rmi.transport=ALL-UNNAMED --add-exports=java.base/jdk.internal.ref=ALL-UNNAMED --add-opens=java.base/java.nio=ALL-UNNAMED --add-opens=java.base/sun.nio.ch=ALL-UNNAMED --add-opens=java.management/sun.management=ALL-UNNAMED --add-opens=jdk.management/com.sun.management.internal=ALL-UNNAMED -Xmx512m -Xms128m -XX:+HeapDumpOnOutOfMemoryError -Dhttp.nonProxyHosts=localhost|127.*|[::1] -cp ./lib/sonar-application-10.7.0.96327.jar;D:\sonarqube-10.7.0.96327\lib\jdbc\h2\h2-2.2.224.jar org.sonar.server.app.WebServer D:\sonarqube-10.7.0.96327\temp\sq-process6265997614045768052properties
2024.11.25 08:56:52 WARN  app[][startup] ####################################################################################################################
2024.11.25 08:56:52 WARN  app[][startup] Plugin(s) detected. Plugins are not provided by SonarSource and are therefore installed at your own risk. A SonarQube administrator needs to acknowledge this risk once logged in.
2024.11.25 08:56:52 WARN  app[][startup] ####################################################################################################################
2024.11.25 08:56:52 INFO  app[][o.s.a.SchedulerImpl] Process[web] is up
2024.11.25 08:56:52 INFO  app[][o.s.a.ProcessLauncherImpl] Launch process[COMPUTE_ENGINE] from [D:\sonarqube-10.7.0.96327]: D:\jdk-17.0.12\bin\java -Djava.awt.headless=true -Dfile.encoding=UTF-8 -Djava.io.tmpdir=D:\sonarqube-10.7.0.96327\temp -XX:-OmitStackTraceInFastThrow --add-opens=java.base/java.util=ALL-UNNAMED --add-exports=java.base/jdk.internal.ref=ALL-UNNAMED --add-opens=java.base/java.lang=ALL-UNNAMED --add-opens=java.base/java.nio=ALL-UNNAMED --add-opens=java.base/sun.nio.ch=ALL-UNNAMED --add-opens=java.management/sun.management=ALL-UNNAMED --add-opens=jdk.management/com.sun.management.internal=ALL-UNNAMED -Xmx512m -Xms128m -XX:+HeapDumpOnOutOfMemoryError -Dhttp.nonProxyHosts=localhost|127.*|[::1] -cp ./lib/sonar-application-10.7.0.96327.jar;D:\sonarqube-10.7.0.96327\lib\jdbc\h2\h2-2.2.224.jar org.sonar.ce.app.CeServer D:\sonarqube-10.7.0.96327\temp\sq-process12222277038173702129properties
2024.11.25 08:56:56 INFO  app[][o.s.a.SchedulerImpl] Process[ce] is up
2024.11.25 08:56:56 INFO  app[][o.s.a.SchedulerImpl] SonarQube is operational
2024.11.25 10:14:58 INFO  app[][o.s.a.SchedulerImpl] Stopping SonarQube
2024.11.25 10:14:58 INFO  app[][o.s.a.SchedulerImpl] Sonarqube has been requested to stop
2024.11.25 10:14:58 INFO  app[][o.s.a.SchedulerImpl] Stopping [Compute Engine] process...
2024.11.25 10:14:58 INFO  app[][o.s.a.SchedulerImpl] Process[Compute Engine] is stopped
2024.11.25 10:14:58 INFO  app[][o.s.a.SchedulerImpl] Stopping [Web Server] process...
2024.11.25 10:14:59 INFO  app[][o.s.a.SchedulerImpl] Process[Web Server] is stopped
2024.11.25 10:14:59 INFO  app[][o.s.a.SchedulerImpl] Stopping [ElasticSearch] process...
2024.11.25 10:14:59 INFO  app[][o.s.a.SchedulerImpl] Process[ElasticSearch] is stopped
2024.11.25 10:14:59 INFO  app[][o.s.a.SchedulerImpl] SonarQube is stopped
